
==========RunStart==========
time: 20160504142127
time: 20160504142132
==========RunStop==========

==========RunStart==========
time: 20160504142133
time: 20160504142135
==========RunStop==========

==========RunStart==========
time: 20160504142136
time: 20160504142136
==========RunStop==========

==========RunStart==========
time: 20160504144711
time: 20160504145437
==========RunStop==========

==========RunStart==========
time: 20160504145453
time: 20160504145550
==========RunStop==========

==========RunStart==========
time: 20160504145605
time: 20160504145855
==========RunStop==========

==========RunStart==========
time: 20160504145901
time: 20160504145941
==========RunStop==========

==========RunStart==========
time: 20160504165630
Restart
==========RunStart==========
time: 20160504165732
FileNumber: 0002
time: 20160504165924
==========RunStop==========

==========RunStart==========
time: 20160504170655
==========RunStart==========
time: 20160504170941
FileNumber: 0003
FileNumber: 0004
FileNumber: 0005
time: 20160504173453
==========RunStop==========

==========RunStart==========
time: 20160504174304
Restart
Restart
Restart
time: 20160504175157
==========RunStop==========

==========RunStart==========
time: 20160504175228
Restart
time: 20160504180034
==========RunStop==========

==========RunStart==========
time: 20160504180051
Restart
time: 20160504180429
==========RunStop==========

==========RunStart==========
time: 20160504180932
Restart
Restart
time: 20160504183006
==========RunStop==========

==========RunStart==========
time: 20160504183034
time: 20160504183121
==========RunStop==========

==========RunStart==========
time: 20160504183132
time: 20160504183227
==========RunStop==========

==========RunStart==========
time: 20160504183240
time: 20160504183321
==========RunStop==========

==========RunStart==========
time: 20160504183332
time: 20160504183454
==========RunStop==========

==========RunStart==========
time: 20160504183513
time: 20160504183519
==========RunStop==========

==========RunStart==========
time: 20160504183531
time: 20160504183809
==========RunStop==========

==========RunStart==========
time: 20160504183825
Restart
time: 20160504183925
==========RunStop==========

==========RunStart==========
time: 20160504183944
Restart
FileNumber: 0006
==========RunStart==========
time: 20160504202109
time: 20160504203205
==========RunStop==========

==========RunStart==========
time: 20160504205419
time: 20160504205426
==========RunStop==========

==========RunStart==========
time: 20160504205831
time: 20160504205833
==========RunStop==========

==========RunStart==========
time: 20160504210833
time: 20160504210835
==========RunStop==========

==========RunStart==========
time: 20160504210905
time: 20160504210906
==========RunStop==========

==========RunStart==========
time: 20160504212513
Restart
Restart
time: 20160504212722
==========RunStop==========

==========RunStart==========
time: 20160504212729
time: 20160504212825
==========RunStop==========

==========RunStart==========
time: 20160504212830
FileNumber: 0007
time: 20160504213839
==========RunStop==========

==========RunStart==========
time: 20160504214544
time: 20160504214559
==========RunStop==========

==========RunStart==========
time: 20160504221315
time: 20160504221343
==========RunStop==========

==========RunStart==========
time: 20160504221937
==========RunStart==========
time: 20160504221950
FileNumber: 0009
time: 20160504222343
==========RunStop==========

==========RunStart==========
time: 20160504222349
time: 20160504222420
==========RunStop==========

==========RunStart==========
time: 20160504222425
FileNumber: 0010
time: 20160504223228
==========RunStop==========

==========RunStart==========
time: 20160504223233
FileNumber: 0011
time: 20160504233444
==========RunStop==========

==========RunStart==========
time: 20160504233449
FileNumber: 0012
time: 20160505005124
==========RunStop==========

==========RunStart==========
time: 20160505005129
FileNumber: 0013
time: 20160505011218
==========RunStop==========

==========RunStart==========
time: 20160505011223
FileNumber: 0014
time: 20160505073030
==========RunStop==========

==========RunStart==========
time: 20160505073038
FileNumber: 0015
FileNumber: 0016
time: 20160505083357
==========RunStop==========

==========RunStart==========
time: 20160505083410
FileNumber: 0017
FileNumber: 0018
FileNumber: 0019
FileNumber: 0020
FileNumber: 0021
time: 20160505134848
==========RunStop==========

==========RunStart==========
time: 20160505140038
time: 20160505140646
==========RunStop==========

==========RunStart==========
time: 20160505140745
FileNumber: 0022
FileNumber: 0023
time: 20160505150614
==========RunStop==========

==========RunStart==========
time: 20160505151117
FileNumber: 0024
time: 20160505164524
==========RunStop==========

==========RunStart==========
time: 20160505164612
FileNumber: 0025
time: 20160505165835
==========RunStop==========

==========RunStart==========
time: 20160505170426
FileNumber: 0026
time: 20160505171821
==========RunStop==========

==========RunStart==========
time: 20160505171825
FileNumber: 0027
time: 20160505173541
==========RunStop==========

==========RunStart==========
time: 20160505173830
time: 20160505173912
==========RunStop==========

==========RunStart==========
time: 20160505173917
time: 20160505173924
==========RunStop==========

==========RunStart==========
time: 20160505174001
FileNumber: 0028
FileNumber: 0029
time: 20160505181342
==========RunStop==========

==========RunStart==========
time: 20160505181350
FileNumber: 0030
time: 20160506081117
==========RunStop==========

==========RunStart==========
time: 20160506081122
FileNumber: 0031
time: 20160506095849
==========RunStop==========

==========RunStart==========
time: 20160506100640
FileNumber: 0032
time: 20160506101827
==========RunStop==========

==========RunStart==========
time: 20160506102416
FileNumber: 0033
time: 20160506144300
==========RunStop==========

==========RunStart==========
time: 20160506144348
FileNumber: 0034
time: 20160507092238
==========RunStop==========

==========RunStart==========
time: 20160507092456
FileNumber: 0035
==========RunStart==========
time: 20160507110931
FileNumber: 0036
time: 20160507124649
==========RunStop==========

==========RunStart==========
time: 20160507125017
FileNumber: 0037
time: 20160507143053
==========RunStop==========

==========RunStart==========
time: 20160507143125
FileNumber: 0038
time: 20160507224757
==========RunStop==========

==========RunStart==========
time: 20160507224801
FileNumber: 0039
time: 20160508125557
==========RunStop==========

==========RunStart==========
time: 20160508125605
FileNumber: 0040
time: 20160508150838
==========RunStop==========

==========RunStart==========
time: 20160508151425
FileNumber: 0041
time: 20160508155459
==========RunStop==========

==========RunStart==========
time: 20160508155512
FileNumber: 0042
time: 20160509074037
==========RunStop==========

==========RunStart==========
time: 20160509074215
FileNumber: 0043
time: 20160509090842
==========RunStop==========

==========RunStart==========
time: 20160509091415
FileNumber: 0044
time: 20160509144542
==========RunStop==========

==========RunStart==========
time: 20160509161343
FileNumber: 0045
time: 20160510124625
==========RunStop==========

==========RunStart==========
time: 20160510124640
FileNumber: 0046
time: 20160510152626
==========RunStop==========

==========RunStart==========
time: 20160510152813
FileNumber: 0047
time: 20160510213500
==========RunStop==========

==========RunStart==========
time: 20160510213508
FileNumber: 0048
time: 20160511100500
==========RunStop==========

==========RunStart==========
time: 20160511100508
FileNumber: 0049
time: 20160511111047
==========RunStop==========

==========RunStart==========
time: 20160511111708
FileNumber: 0050
==========RunStart==========
time: 20160513144748
time: 20160513144843
==========RunStop==========

==========RunStart==========
time: 20160513144929
time: 20160513144937
==========RunStop==========

==========RunStart==========
time: 20160513144957
time: 20160513145009
==========RunStop==========

==========RunStart==========
time: 20160513145032
time: 20160513145043
==========RunStop==========

==========RunStart==========
time: 20160513145045
time: 20160513145047
==========RunStop==========

==========RunStart==========
time: 20160513145103
time: 20160513145145
==========RunStop==========

==========RunStart==========
time: 20160513145203
time: 20160513150007
==========RunStop==========

==========RunStart==========
time: 20160513150100
time: 20160513150117
==========RunStop==========

==========RunStart==========
time: 20160513150145
time: 20160513150230
==========RunStop==========

==========RunStart==========
time: 20160513150231
time: 20160513150232
==========RunStop==========

==========RunStart==========
time: 20160513150249
time: 20160513150303
==========RunStop==========

==========RunStart==========
time: 20160513150324
time: 20160513150452
==========RunStop==========

==========RunStart==========
time: 20160513150518
FileNumber: 0051
FileNumber: 0052
FileNumber: 0053
FileNumber: 0054
FileNumber: 0055
FileNumber: 0056
time: 20160513175229
==========RunStop==========

==========RunStart==========
time: 20160513175251
time: 20160513175303
==========RunStop==========

==========RunStart==========
time: 20160513175320
time: 20160513175330
==========RunStop==========

==========RunStart==========
time: 20160513175350
time: 20160513175431
==========RunStop==========

==========RunStart==========
time: 20160513175627
time: 20160513175701
==========RunStop==========

==========RunStart==========
time: 20160513175733
==========RunStart==========
time: 20160513175750
time: 20160513175800
==========RunStop==========

==========RunStart==========
time: 20160513175821
==========RunStart==========
time: 20160513175841
time: 20160513175943
==========RunStop==========

==========RunStart==========
time: 20160513180002
FileNumber: 0057
time: 20160513184210
==========RunStop==========

==========RunStart==========
time: 20160902160929
FileNumber: 0058
time: 20160902161018
==========RunStop==========

==========RunStart==========
time: 20160902161806
time: 20160902161811
==========RunStop==========

==========RunStart==========
time: 20160902161813
FileNumber: 0059
time: 20160902161928
==========RunStop==========

==========RunStart==========
time: 20160902163815
time: 20160902163918
==========RunStop==========

==========RunStart==========
time: 20160903123225
time: 20160903123239
==========RunStop==========

==========RunStart==========
time: 20160903125917
time: 20160903130000
==========RunStop==========

==========RunStart==========
time: 20160903125917
==========RunStart==========
time: 20160903130046
time: 20160903130144
==========RunStop==========

==========RunStart==========
time: 20160903130046
==========RunStart==========
time: 20160903144418
FileNumber: 0060
time: 20160903144429
==========RunStop==========

==========RunStart==========
time: 20160903144418
==========RunStart==========
time: 20160903144459
FileNumber: 0061
time: 20160903144505
==========RunStop==========

==========RunStart==========
time: 20160903144459
==========RunStart==========
time: 20160903151838
FileNumber: 0062
time: 20160903151850
==========RunStop==========

==========RunStart==========
time: 20160903151838
==========RunStart==========
time: 20160903152127
time: 20160903152138
==========RunStop==========

==========RunStart==========
time: 20160903152127
==========RunStart==========
time: 20160903152205
time: 20160903152214
==========RunStop==========

==========RunStart==========
time: 20160903152218
time: 20160903152219
==========RunStop==========

==========RunStart==========
time: 20160903152218
==========RunStart==========
time: 20160903152205
==========RunStart==========
time: 20160903152303
time: 20160903152310
==========RunStop==========

==========RunStart==========
time: 20160903152303
==========RunStart==========
time: 20160903152406
time: 20160903152549
==========RunStop==========

==========RunStart==========
time: 20160903152406
==========RunStart==========
time: 20160903152823
FileNumber: 0063
time: 20160903152840
==========RunStop==========

==========RunStart==========
time: 20160903152823
==========RunStart==========
time: 20160903153000
time: 20160903153022
==========RunStop==========

==========RunStart==========
time: 20160903153000
==========RunStart==========
time: 20160903153028
FileNumber: 0064
time: 20160903153030
==========RunStop==========

==========RunStart==========
time: 20160903153028
==========RunStart==========
time: 20160903153240
FileNumber: 0065
time: 20160903153243
==========RunStop==========

==========RunStart==========
time: 20160903153240
==========RunStart==========
time: 20160903153410
time: 20160903153414
==========RunStop==========

==========RunStart==========
time: 20160903153410
==========RunStart==========
time: 20160903153452
time: 20160903153454
==========RunStop==========

==========RunStart==========
time: 20160903153452
==========RunStart==========
time: 20160903153521
time: 20160903153525
==========RunStop==========

==========RunStart==========
time: 20160903153521
==========RunStart==========
time: 20160903153551
time: 20160903153605
==========RunStop==========

==========RunStart==========
time: 20160903153551
==========RunStart==========
time: 20160903153613
time: 20160903153617
==========RunStop==========

==========RunStart==========
time: 20160903153613
==========RunStart==========
time: 20160903153626
time: 20160903153630
==========RunStop==========

==========RunStart==========
time: 20160903153626
==========RunStart==========
time: 20160903154219
time: 20160903154222
==========RunStop==========

==========RunStart==========
time: 20160903154219
==========RunStart==========
time: 20160903154253
time: 20160903154255
==========RunStop==========

==========RunStart==========
time: 20160903154253
==========RunStart==========
time: 20160903154345
time: 20160903154359
==========RunStop==========

==========RunStart==========
time: 20160903154345
==========RunStart==========
time: 20160903154516
time: 20160903154521
==========RunStop==========

==========RunStart==========
time: 20160903154516
==========RunStart==========
time: 20160903154544
time: 20160903154553
==========RunStop==========

==========RunStart==========
time: 20160903154544
==========RunStart==========
time: 20160903154706
time: 20160903154707
==========RunStop==========

==========RunStart==========
time: 20160903154706
==========RunStart==========
time: 20160903155028
time: 20160903155048
==========RunStop==========

==========RunStart==========
time: 20160903155028
==========RunStart==========
time: 20160903155138
time: 20160903155207
==========RunStop==========

==========RunStart==========
time: 20160903155138
==========RunStart==========
time: 20160903155217
FileNumber: 0066
time: 20160903155222
==========RunStop==========

==========RunStart==========
time: 20160903155217
==========RunStart==========
time: 20181126150301
time: 20181126150548
==========RunStop==========

==========RunStart==========
time: 20181126150613
FileNumber: 0067
==========RunStart==========
time: 20181126185618
time: 20181126185734
==========RunStop==========

==========RunStart==========
time: 20181126185806
FileNumber: 0068
time: 20181126185907
==========RunStop==========

==========RunStart==========
time: 20181126190059
time: 20181126190209
==========RunStop==========

==========RunStart==========
time: 20181126190235
time: 20181126190242
==========RunStop==========

==========RunStart==========
time: 20181126190338
time: 20181126190353
==========RunStop==========

==========RunStart==========
time: 20181126190404
time: 20181126190431
==========RunStop==========

==========RunStart==========
time: 20181126190443
FileNumber: 0069
time: 20181126190532
==========RunStop==========

==========RunStart==========
time: 20181126190620
time: 20181126190631
==========RunStop==========

==========RunStart==========
time: 20181126190746
time: 20181126190753
==========RunStop==========

==========RunStart==========
time: 20181126190754
time: 20181126190756
==========RunStop==========

==========RunStart==========
time: 20181126191217
time: 20181126191234
==========RunStop==========

==========RunStart==========
time: 20181126191555
time: 20181126191601
==========RunStop==========

==========RunStart==========
time: 20181126192812
time: 20181126192819
==========RunStop==========

==========RunStart==========
time: 20181126192842
time: 20181126192849
==========RunStop==========

==========RunStart==========
time: 20181126193618
time: 20181126193623
==========RunStop==========

==========RunStart==========
time: 20181126193840
time: 20181126193956
==========RunStop==========

==========RunStart==========
time: 20181126194007
time: 20181126194012
==========RunStop==========

==========RunStart==========
time: 20181126194036
time: 20181126194043
==========RunStop==========

==========RunStart==========
time: 20181126194219
time: 20181126194243
==========RunStop==========

==========RunStart==========
time: 20181126194403
time: 20181126194420
==========RunStop==========

==========RunStart==========
time: 20181126194421
time: 20181126194432
==========RunStop==========

==========RunStart==========
time: 20181126194815
time: 20181126195058
==========RunStop==========

==========RunStart==========
time: 20181126195118
time: 20181126195130
==========RunStop==========

==========RunStart==========
time: 20181126195249
==========RunStart==========
time: 20181126195346
FileNumber: 0070
time: 20181126195606
==========RunStop==========

==========RunStart==========
time: 20181126195608
time: 20181126195610
==========RunStop==========

==========RunStart==========
time: 20181126195619
time: 20181126204021
==========RunStop==========

==========RunStart==========
time: 20181126204044
time: 20181126204046
==========RunStop==========

==========RunStart==========
time: 20181126205349
time: 20181126205351
==========RunStop==========

==========RunStart==========
time: 20181126205726
time: 20181126205729
==========RunStop==========

==========RunStart==========
time: 20181126205806
time: 20181126205809
==========RunStop==========

==========RunStart==========
time: 20181130084949
FileNumber: 0071
time: 20181130085031
==========RunStop==========

==========RunStart==========
time: 20181130085156
FileNumber: 0072
time: 20181130085214
==========RunStop==========

==========RunStart==========
time: 20181130115212
time: 20181130115215
==========RunStop==========

==========RunStart==========
time: 20181130115319
==========RunStart==========
time: 20181130115453
FileNumber: 0073
time: 20181130115801
==========RunStop==========

==========RunStart==========
time: 20181130115819
FileNumber: 0074
time: 20181130121344
==========RunStop==========

==========RunStart==========
time: 20181130121345
time: 20181130121350
==========RunStop==========

==========RunStart==========
time: 20181130121358
FileNumber: 0075
time: 20181130121540
==========RunStop==========

==========RunStart==========
time: 20181130121749
FileNumber: 0076
time: 20181130121804
==========RunStop==========

==========RunStart==========
time: 20181130122007
FileNumber: 0077
time: 20181130122334
==========RunStop==========

==========RunStart==========
time: 20181130122516
time: 20181130122607
==========RunStop==========

==========RunStart==========
time: 20181130123200
FileNumber: 0078
FileNumber: 0079
time: 20181130123515
==========RunStop==========

==========RunStart==========
time: 20181130124027
FileNumber: 0080
time: 20181130124550
==========RunStop==========

==========RunStart==========
time: 20181130124619
FileNumber: 0081
time: 20181130124949
==========RunStop==========

==========RunStart==========
time: 20181130125013
FileNumber: 0082
time: 20181130125047
==========RunStop==========

==========RunStart==========
time: 20181130125848
FileNumber: 0083
FileNumber: 0084
time: 20181130130005
==========RunStop==========

==========RunStart==========
time: 20181130130329
FileNumber: 0085
time: 20181130130358
==========RunStop==========

==========RunStart==========
time: 20181130134027
FileNumber: 0086
time: 20181130134101
==========RunStop==========

==========RunStart==========
time: 20181130134503
FileNumber: 0087
time: 20181130134516
==========RunStop==========

==========RunStart==========
time: 20181130134906
FileNumber: 0088
time: 20181130135040
==========RunStop==========

==========RunStart==========
time: 20181130135119
FileNumber: 0089
time: 20181130135146
==========RunStop==========

==========RunStart==========
time: 20181130140052
FileNumber: 0090
time: 20181130140124
==========RunStop==========

==========RunStart==========
time: 20181130140126
time: 20181130140129
==========RunStop==========

==========RunStart==========
time: 20181130140156
FileNumber: 0091
time: 20181130140235
==========RunStop==========

==========RunStart==========
time: 20181130140257
time: 20181130140455
==========RunStop==========

==========RunStart==========
time: 20181130140512
FileNumber: 0092
time: 20181130140531
==========RunStop==========

==========RunStart==========
time: 20181130140713
FileNumber: 0093
time: 20181130140808
==========RunStop==========

==========RunStart==========
time: 20181130140903
time: 20181130141036
==========RunStop==========

==========RunStart==========
time: 20181130141039
time: 20181130141056
==========RunStop==========

==========RunStart==========
time: 20181130141111
time: 20181130141247
==========RunStop==========

==========RunStart==========
time: 20181130143733
FileNumber: 0094
time: 20181130143743
==========RunStop==========

==========RunStart==========
time: 20181130143831
FileNumber: 0095
time: 20181130143913
==========RunStop==========

==========RunStart==========
time: 20181130151454
time: 20181130151559
==========RunStop==========

==========RunStart==========
time: 20181130151607
time: 20181130151805
==========RunStop==========

==========RunStart==========
time: 20181130151813
time: 20181130152128
==========RunStop==========

==========RunStart==========
time: 20181130152155
FileNumber: 0096
time: 20181130152242
==========RunStop==========

==========RunStart==========
time: 20181130153212
FileNumber: 0097
time: 20181130153302
==========RunStop==========

==========RunStart==========
time: 20181130154746
time: 20181130154821
==========RunStop==========

==========RunStart==========
time: 20181130154957
time: 20181130155051
==========RunStop==========

==========RunStart==========
time: 20181130155119
FileNumber: 0098
time: 20181130155135
==========RunStop==========

==========RunStart==========
time: 20181130155440
FileNumber: 0099
time: 20181130155517
==========RunStop==========

==========RunStart==========
time: 20190114105033
FileNumber: 0100
FileNumber: 0101
FileNumber: 0102
FileNumber: 0103
time: 20190114111731
==========RunStop==========

==========RunStart==========
time: 20190115100245
time: 20190115100324
==========RunStop==========

==========RunStart==========
time: 20190115100827
time: 20190115100909
==========RunStop==========

==========RunStart==========
time: 20190115101200
time: 20190115101251
==========RunStop==========

==========RunStart==========
time: 20190115101314
time: 20190115101358
==========RunStop==========

==========RunStart==========
time: 20190115102356
time: 20190115102507
==========RunStop==========

==========RunStart==========
time: 20190115102550
time: 20190115102619
==========RunStop==========

==========RunStart==========
time: 20190115102659
time: 20190115102719
==========RunStop==========

==========RunStart==========
time: 20190115102819
time: 20190115102855
==========RunStop==========

==========RunStart==========
time: 20190115103835
time: 20190115104010
==========RunStop==========

==========RunStart==========
time: 20190115104016
FileNumber: 0104
time: 20190115104510
==========RunStop==========

==========RunStart==========
time: 20190115120339
time: 20190115120624
==========RunStop==========

==========RunStart==========
time: 20190115120653
time: 20190115121421
==========RunStop==========

==========RunStart==========
time: 20190115121446
FileNumber: 0105
time: 20190115121542
==========RunStop==========

==========RunStart==========
time: 20190115123801
FileNumber: 0106
time: 20190115124108
==========RunStop==========

==========RunStart==========
time: 20190115131713
time: 20190115131717
==========RunStop==========

==========RunStart==========
time: 20190115132023
time: 20190115132041
==========RunStop==========

==========RunStart==========
time: 20190115132105
time: 20190115132119
==========RunStop==========

==========RunStart==========
time: 20190115133449
FileNumber: 0107
time: 20190115133603
==========RunStop==========

==========RunStart==========
time: 20190115133954
FileNumber: 0108
time: 20190115134120
==========RunStop==========

==========RunStart==========
time: 20190115134553
time: 20190115134604
==========RunStop==========

==========RunStart==========
time: 20190115134615
time: 20190115134616
==========RunStop==========

==========RunStart==========
time: 20190115134639
time: 20190115134725
==========RunStop==========

==========RunStart==========
time: 20190115134755
time: 20190115134808
==========RunStop==========

==========RunStart==========
time: 20190115134812
FileNumber: 0109
time: 20190115134855
==========RunStop==========

==========RunStart==========
time: 20190115135101
FileNumber: 0110
time: 20190115135158
==========RunStop==========

==========RunStart==========
time: 20190115135418
FileNumber: 0111
time: 20190115135946
==========RunStop==========

==========RunStart==========
time: 20190115135957
time: 20190115140018
==========RunStop==========

==========RunStart==========
time: 20190115140656
FileNumber: 0112
time: 20190115143310
==========RunStop==========

==========RunStart==========
time: 20190115184623
FileNumber: 0113
time: 20190115185112
==========RunStop==========

==========RunStart==========
time: 20190115185412
FileNumber: 0114
time: 20190115191314
==========RunStop==========

==========RunStart==========
time: 20190119135731
FileNumber: 0115
time: 20190119135839
==========RunStop==========
